     1                                  section	.text
     2                                     global _start	 ;must be declared for linker (gcc)
     3                                  	
     4                                  _start:	         ;tell linker entry point
     5 00000000 66BA13000000               mov	edx,len  ;message length
     6 00000006 66B9[00000000]             mov	ecx,msg  ;message to write
     7 0000000C 66BB01000000               mov	ebx,1    ;file descriptor (stdout)
     8 00000012 66B804000000               mov	eax,4    ;system call number (sys_write)
     9 00000018 CD80                       int	0x80     ;call kernel
    10                                  	
    11 0000001A 66BA09000000               mov	edx,9    ;message length
    12 00000020 66B9[13000000]             mov	ecx,s2   ;message to write
    13 00000026 66BB01000000               mov	ebx,1    ;file descriptor (stdout)
    14 0000002C 66B804000000               mov	eax,4    ;system call number (sys_write)
    15 00000032 CD80                       int	0x80     ;call kernel
    16                                  	
    17 00000034 66B801000000               mov	eax,1    ;system call number (sys_exit)
    18 0000003A CD80                       int	0x80     ;call kernel
    19                                  	
    20                                  section	.data
    21 00000000 446973706C6179696E-     msg db 'Displaying 9 stars',0xa ;a message
    21 00000009 672039207374617273-
    21 00000012 0A                 
    22                                  len equ $ - msg  ;length of message
    23 00000013 2A<rept>                s2 times 9 db '*'
